build/app/intermediates/manifest_merge_blame_file/release/manifest-merger-blame-release-report.txt
1<?xml version="1.0" encoding="utf-8"?>
2<manifest xmlns:android="http://schemas.android.com/apk/res/android"
3    package="com.example.Tiwa_Oma"
4    android:versionCode="1"
5    android:versionName="TiwaOma" >
6
7    <uses-sdk
8        android:minSdkVersion="21"
9        android:targetSdkVersion="33" />
10
11    <uses-permission android:name="android.permission.FOREGROUND_SERVICE" />
11-->src\main\AndroidManifest.xml:3:5-77
11-->src\main\AndroidManifest.xml:3:22-74
12    <uses-permission android:name="android.permission.ACCESS_BACKGROUND_LOCATION" />
12-->src\main\AndroidManifest.xml:4:5-84
12-->src\main\AndroidManifest.xml:4:22-82
13    <uses-permission android:name="android.permission.INTERNET" />
13-->[:firebase_messaging] AndroidManifest.xml:7:5-67
13-->[:firebase_messaging] AndroidManifest.xml:7:22-64
14    <uses-permission android:name="android.permission.WAKE_LOCK" />
14-->[:firebase_messaging] AndroidManifest.xml:8:5-68
14-->[:firebase_messaging] AndroidManifest.xml:8:22-65
15    <uses-permission android:name="android.permission.ACCESS_NETWORK_STATE" /> <!-- Permissions options for the `notification` group -->
15-->[:firebase_messaging] AndroidManifest.xml:9:5-79
15-->[:firebase_messaging] AndroidManifest.xml:9:22-76
16    <uses-permission android:name="android.permission.POST_NOTIFICATIONS" />
16-->[:firebase_messaging] AndroidManifest.xml:11:5-77
16-->[:firebase_messaging] AndroidManifest.xml:11:22-74
17    <uses-permission
17-->[:file_picker] AndroidManifest.xml:7:5-9:38
18        android:name="android.permission.READ_EXTERNAL_STORAGE"
18-->[:file_picker] AndroidManifest.xml:8:9-64
19        android:maxSdkVersion="32" />
19-->[:file_picker] AndroidManifest.xml:9:9-35
20
21    <queries>
21-->[:file_picker] AndroidManifest.xml:11:5-17:15
22        <intent>
22-->[:file_picker] AndroidManifest.xml:12:9-16:18
23            <action android:name="android.intent.action.GET_CONTENT" />
23-->[:file_picker] AndroidManifest.xml:13:13-72
23-->[:file_picker] AndroidManifest.xml:13:21-69
24
25            <data android:mimeType="*/*" />
25-->[:file_picker] AndroidManifest.xml:15:13-44
25-->[:file_picker] AndroidManifest.xml:15:19-41
26        </intent>
27        <!-- Needs to be explicitly declared on Android R+ -->
28        <package android:name="com.google.android.apps.maps" />
28-->[com.google.android.gms:play-services-maps:18.2.0] AndroidManifest.xml:33:9-64
28-->[com.google.android.gms:play-services-maps:18.2.0] AndroidManifest.xml:33:18-61
29    </queries>
30
31    <uses-permission android:name="android.permission.VIBRATE" />
31-->[:flutter_local_notifications] AndroidManifest.xml:7:5-66
31-->[:flutter_local_notifications] AndroidManifest.xml:7:22-63
32    <uses-permission android:name="android.permission.ACCESS_COARSE_LOCATION" />
32-->[:location] AndroidManifest.xml:7:5-81
32-->[:location] AndroidManifest.xml:7:22-78
33    <uses-permission android:name="android.permission.ACCESS_FINE_LOCATION" /> <!-- Required by older versions of Google Play services to create IID tokens -->
33-->[:location] AndroidManifest.xml:8:5-79
33-->[:location] AndroidManifest.xml:8:22-76
34    <uses-permission android:name="com.google.android.c2dm.permission.RECEIVE" />
34-->[com.google.firebase:firebase-messaging:23.3.1] AndroidManifest.xml:26:5-82
34-->[com.google.firebase:firebase-messaging:23.3.1] AndroidManifest.xml:26:22-79
35    <uses-permission android:name="com.google.android.gms.permission.AD_ID" />
35-->[com.google.android.gms:play-services-measurement-api:21.5.0] AndroidManifest.xml:25:5-79
35-->[com.google.android.gms:play-services-measurement-api:21.5.0] AndroidManifest.xml:25:22-76
36    <uses-permission android:name="android.permission.ACCESS_ADSERVICES_ATTRIBUTION" />
36-->[com.google.android.gms:play-services-measurement-api:21.5.0] AndroidManifest.xml:26:5-88
36-->[com.google.android.gms:play-services-measurement-api:21.5.0] AndroidManifest.xml:26:22-85
37    <uses-permission android:name="android.permission.ACCESS_ADSERVICES_AD_ID" />
37-->[com.google.android.gms:play-services-measurement-api:21.5.0] AndroidManifest.xml:27:5-82
37-->[com.google.android.gms:play-services-measurement-api:21.5.0] AndroidManifest.xml:27:22-79
38    <uses-permission android:name="com.google.android.finsky.permission.BIND_GET_INSTALL_REFERRER_SERVICE" />
38-->[com.google.android.gms:play-services-measurement:21.5.0] AndroidManifest.xml:26:5-110
38-->[com.google.android.gms:play-services-measurement:21.5.0] AndroidManifest.xml:26:22-107
39
40    <uses-feature
40-->[com.google.android.gms:play-services-maps:18.2.0] AndroidManifest.xml:26:5-28:35
41        android:glEsVersion="0x00020000"
41-->[com.google.android.gms:play-services-maps:18.2.0] AndroidManifest.xml:27:9-41
42        android:required="true" />
42-->[com.google.android.gms:play-services-maps:18.2.0] AndroidManifest.xml:28:9-32
43
44    <permission
44-->[androidx.core:core:1.10.1] AndroidManifest.xml:22:5-24:47
45        android:name="com.example.Tiwa_Oma.DYNAMIC_RECEIVER_NOT_EXPORTED_PERMISSION"
45-->[androidx.core:core:1.10.1] AndroidManifest.xml:23:9-81
46        android:protectionLevel="signature" />
46-->[androidx.core:core:1.10.1] AndroidManifest.xml:24:9-44
47
48    <uses-permission android:name="com.example.Tiwa_Oma.DYNAMIC_RECEIVER_NOT_EXPORTED_PERMISSION" />
48-->[androidx.core:core:1.10.1] AndroidManifest.xml:26:5-97
48-->[androidx.core:core:1.10.1] AndroidManifest.xml:26:22-94
49
50    <application
51        android:name="android.app.Application"
51-->src\main\AndroidManifest.xml:7:9-42
52        android:appComponentFactory="androidx.core.app.CoreComponentFactory"
52-->[androidx.core:core:1.10.1] AndroidManifest.xml:28:18-86
53        android:extractNativeLibs="true"
54        android:icon="@mipmap/launcher_icon"
54-->src\main\AndroidManifest.xml:8:9-45
55        android:label="Tiwa Oma" >
55-->src\main\AndroidManifest.xml:6:9-33
56        <activity
56-->src\main\AndroidManifest.xml:9:9-34:20
57            android:name="com.example.Tiwa_Oma.MainActivity"
57-->src\main\AndroidManifest.xml:10:13-41
58            android:configChanges="orientation|keyboardHidden|keyboard|screenSize|smallestScreenSize|locale|layoutDirection|fontScale|screenLayout|density|uiMode"
58-->src\main\AndroidManifest.xml:14:13-163
59            android:exported="true"
59-->src\main\AndroidManifest.xml:11:13-36
60            android:hardwareAccelerated="true"
60-->src\main\AndroidManifest.xml:15:13-47
61            android:launchMode="singleTop"
61-->src\main\AndroidManifest.xml:12:13-43
62            android:theme="@style/LaunchTheme"
62-->src\main\AndroidManifest.xml:13:13-47
63            android:windowSoftInputMode="adjustResize" >
63-->src\main\AndroidManifest.xml:16:13-55
64
65            <!--
66                 Specifies an Android theme to apply to this Activity as soon as
67                 the Android process has started. This theme is visible to the user
68                 while the Flutter UI initializes. After that, this theme continues
69                 to determine the Window background behind the Flutter UI.
70            -->
71            <meta-data
71-->src\main\AndroidManifest.xml:22:13-25:17
72                android:name="io.flutter.embedding.android.NormalTheme"
72-->src\main\AndroidManifest.xml:23:15-70
73                android:resource="@style/NormalTheme" />
73-->src\main\AndroidManifest.xml:24:15-52
74
75            <intent-filter>
75-->src\main\AndroidManifest.xml:26:13-29:29
76                <action android:name="android.intent.action.MAIN" />
76-->src\main\AndroidManifest.xml:27:17-68
76-->src\main\AndroidManifest.xml:27:25-66
77
78                <category android:name="android.intent.category.LAUNCHER" />
78-->src\main\AndroidManifest.xml:28:17-76
78-->src\main\AndroidManifest.xml:28:27-74
79            </intent-filter>
80            <intent-filter>
80-->src\main\AndroidManifest.xml:30:14-33:29
81                <action android:name="FLUTTER_NOTIFICATION_CLICK" />
81-->src\main\AndroidManifest.xml:31:17-68
81-->src\main\AndroidManifest.xml:31:25-66
82
83                <category android:name="android.intent.category.DEFAULT" />
83-->src\main\AndroidManifest.xml:32:17-75
83-->src\main\AndroidManifest.xml:32:27-73
84            </intent-filter>
85        </activity>
86
87        <meta-data
87-->src\main\AndroidManifest.xml:35:10-37:55
88            android:name="com.google.firebase.messaging.default_notification_channel_id"
88-->src\main\AndroidManifest.xml:36:13-89
89            android:value="high_importance_channel" />
89-->src\main\AndroidManifest.xml:37:13-52
90        <!--
91             Don't delete the meta-data below.
92             This is used by the Flutter tool to generate GeneratedPluginRegistrant.java
93        -->
94        <meta-data
94-->src\main\AndroidManifest.xml:40:9-42:33
95            android:name="flutterEmbedding"
95-->src\main\AndroidManifest.xml:41:13-44
96            android:value="2" />
96-->src\main\AndroidManifest.xml:42:13-30
97        <meta-data
97-->src\main\AndroidManifest.xml:44:9-46:71
98            android:name="com.google.android.geo.API_KEY"
98-->src\main\AndroidManifest.xml:45:13-58
99            android:value="AIzaSyBaqn8MKgaOw0eShSzIJBwO1W6hObA0E1o" />
99-->src\main\AndroidManifest.xml:46:13-68
100
101        <service
101-->[:firebase_messaging] AndroidManifest.xml:14:9-17:72
102            android:name="io.flutter.plugins.firebase.messaging.FlutterFirebaseMessagingBackgroundService"
102-->[:firebase_messaging] AndroidManifest.xml:15:13-107
103            android:exported="false"
103-->[:firebase_messaging] AndroidManifest.xml:16:13-37
104            android:permission="android.permission.BIND_JOB_SERVICE" />
104-->[:firebase_messaging] AndroidManifest.xml:17:13-69
105        <service
105-->[:firebase_messaging] AndroidManifest.xml:18:9-24:19
106            android:name="io.flutter.plugins.firebase.messaging.FlutterFirebaseMessagingService"
106-->[:firebase_messaging] AndroidManifest.xml:19:13-97
107            android:exported="false" >
107-->[:firebase_messaging] AndroidManifest.xml:20:13-37
108            <intent-filter>
108-->[:firebase_messaging] AndroidManifest.xml:21:13-23:29
109                <action android:name="com.google.firebase.MESSAGING_EVENT" />
109-->[:firebase_messaging] AndroidManifest.xml:22:17-78
109-->[:firebase_messaging] AndroidManifest.xml:22:25-75
110            </intent-filter>
111        </service>
112
113        <receiver
113-->[:firebase_messaging] AndroidManifest.xml:26:9-33:20
114            android:name="io.flutter.plugins.firebase.messaging.FlutterFirebaseMessagingReceiver"
114-->[:firebase_messaging] AndroidManifest.xml:27:13-98
115            android:exported="true"
115-->[:firebase_messaging] AndroidManifest.xml:28:13-36
116            android:permission="com.google.android.c2dm.permission.SEND" >
116-->[:firebase_messaging] AndroidManifest.xml:29:13-73
117            <intent-filter>
117-->[:firebase_messaging] AndroidManifest.xml:30:13-32:29
118                <action android:name="com.google.android.c2dm.intent.RECEIVE" />
118-->[:firebase_messaging] AndroidManifest.xml:31:17-81
118-->[:firebase_messaging] AndroidManifest.xml:31:25-78
119            </intent-filter>
120        </receiver>
121
122        <service
122-->[:firebase_messaging] AndroidManifest.xml:35:9-39:19
123            android:name="com.google.firebase.components.ComponentDiscoveryService"
123-->[:firebase_messaging] AndroidManifest.xml:35:18-89
124            android:directBootAware="true"
124-->[com.google.firebase:firebase-common:20.4.2] AndroidManifest.xml:32:13-43
125            android:exported="false" >
125-->[com.google.firebase:firebase-messaging:23.3.1] AndroidManifest.xml:56:13-37
126            <meta-data
126-->[:firebase_messaging] AndroidManifest.xml:36:13-38:85
127                android:name="com.google.firebase.components:io.flutter.plugins.firebase.messaging.FlutterFirebaseAppRegistrar"
127-->[:firebase_messaging] AndroidManifest.xml:37:17-128
128                android:value="com.google.firebase.components.ComponentRegistrar" />
128-->[:firebase_messaging] AndroidManifest.xml:38:17-82
129            <meta-data
129-->[:firebase_core] AndroidManifest.xml:9:13-11:85
130                android:name="com.google.firebase.components:io.flutter.plugins.firebase.core.FlutterFirebaseCoreRegistrar"
130-->[:firebase_core] AndroidManifest.xml:10:17-124
131                android:value="com.google.firebase.components.ComponentRegistrar" />
131-->[:firebase_core] AndroidManifest.xml:11:17-82
132            <meta-data
132-->[com.google.firebase:firebase-messaging:23.3.1] AndroidManifest.xml:57:13-59:85
133                android:name="com.google.firebase.components:com.google.firebase.messaging.FirebaseMessagingKtxRegistrar"
133-->[com.google.firebase:firebase-messaging:23.3.1] AndroidManifest.xml:58:17-122
134                android:value="com.google.firebase.components.ComponentRegistrar" />
134-->[com.google.firebase:firebase-messaging:23.3.1] AndroidManifest.xml:59:17-82
135            <meta-data
135-->[com.google.firebase:firebase-messaging:23.3.1] AndroidManifest.xml:60:13-62:85
136                android:name="com.google.firebase.components:com.google.firebase.messaging.FirebaseMessagingRegistrar"
136-->[com.google.firebase:firebase-messaging:23.3.1] AndroidManifest.xml:61:17-119
137                android:value="com.google.firebase.components.ComponentRegistrar" />
137-->[com.google.firebase:firebase-messaging:23.3.1] AndroidManifest.xml:62:17-82
138            <meta-data
138-->[com.google.android.gms:play-services-measurement-api:21.5.0] AndroidManifest.xml:37:13-39:85
139                android:name="com.google.firebase.components:com.google.firebase.analytics.connector.internal.AnalyticsConnectorRegistrar"
139-->[com.google.android.gms:play-services-measurement-api:21.5.0] AndroidManifest.xml:38:17-139
140                android:value="com.google.firebase.components.ComponentRegistrar" />
140-->[com.google.android.gms:play-services-measurement-api:21.5.0] AndroidManifest.xml:39:17-82
141            <meta-data
141-->[com.google.firebase:firebase-iid:21.1.0] AndroidManifest.xml:32:13-34:85
142                android:name="com.google.firebase.components:com.google.firebase.iid.Registrar"
142-->[com.google.firebase:firebase-iid:21.1.0] AndroidManifest.xml:33:17-96
143                android:value="com.google.firebase.components.ComponentRegistrar" />
143-->[com.google.firebase:firebase-iid:21.1.0] AndroidManifest.xml:34:17-82
144            <meta-data
144-->[com.google.firebase:firebase-installations:17.2.0] AndroidManifest.xml:15:13-17:85
145                android:name="com.google.firebase.components:com.google.firebase.installations.FirebaseInstallationsKtxRegistrar"
145-->[com.google.firebase:firebase-installations:17.2.0] AndroidManifest.xml:16:17-130
146                android:value="com.google.firebase.components.ComponentRegistrar" />
146-->[com.google.firebase:firebase-installations:17.2.0] AndroidManifest.xml:17:17-82
147            <meta-data
147-->[com.google.firebase:firebase-installations:17.2.0] AndroidManifest.xml:18:13-20:85
148                android:name="com.google.firebase.components:com.google.firebase.installations.FirebaseInstallationsRegistrar"
148-->[com.google.firebase:firebase-installations:17.2.0] AndroidManifest.xml:19:17-127
149                android:value="com.google.firebase.components.ComponentRegistrar" />
149-->[com.google.firebase:firebase-installations:17.2.0] AndroidManifest.xml:20:17-82
150            <meta-data
150-->[com.google.firebase:firebase-common-ktx:20.4.2] AndroidManifest.xml:12:13-14:85
151                android:name="com.google.firebase.components:com.google.firebase.ktx.FirebaseCommonLegacyRegistrar"
151-->[com.google.firebase:firebase-common-ktx:20.4.2] AndroidManifest.xml:13:17-116
152                android:value="com.google.firebase.components.ComponentRegistrar" />
152-->[com.google.firebase:firebase-common-ktx:20.4.2] AndroidManifest.xml:14:17-82
153            <meta-data
153-->[com.google.firebase:firebase-common:20.4.2] AndroidManifest.xml:35:13-37:85
154                android:name="com.google.firebase.components:com.google.firebase.FirebaseCommonKtxRegistrar"
154-->[com.google.firebase:firebase-common:20.4.2] AndroidManifest.xml:36:17-109
155                android:value="com.google.firebase.components.ComponentRegistrar" />
155-->[com.google.firebase:firebase-common:20.4.2] AndroidManifest.xml:37:17-82
156            <meta-data
156-->[com.google.firebase:firebase-datatransport:18.1.7] AndroidManifest.xml:27:13-29:85
157                android:name="com.google.firebase.components:com.google.firebase.datatransport.TransportRegistrar"
157-->[com.google.firebase:firebase-datatransport:18.1.7] AndroidManifest.xml:28:17-115
158                android:value="com.google.firebase.components.ComponentRegistrar" />
158-->[com.google.firebase:firebase-datatransport:18.1.7] AndroidManifest.xml:29:17-82
159        </service>
160
161        <provider
161-->[:firebase_messaging] AndroidManifest.xml:41:9-45:38
162            android:name="io.flutter.plugins.firebase.messaging.FlutterFirebaseMessagingInitProvider"
162-->[:firebase_messaging] AndroidManifest.xml:42:13-102
163            android:authorities="com.example.Tiwa_Oma.flutterfirebasemessaginginitprovider"
163-->[:firebase_messaging] AndroidManifest.xml:43:13-88
164            android:exported="false"
164-->[:firebase_messaging] AndroidManifest.xml:44:13-37
165            android:initOrder="99" />
165-->[:firebase_messaging] AndroidManifest.xml:45:13-35
166
167        <service
167-->[:geolocator_android] AndroidManifest.xml:8:9-12:56
168            android:name="com.baseflow.geolocator.GeolocatorLocationService"
168-->[:geolocator_android] AndroidManifest.xml:9:13-77
169            android:enabled="true"
169-->[:geolocator_android] AndroidManifest.xml:10:13-35
170            android:exported="false"
170-->[:geolocator_android] AndroidManifest.xml:11:13-37
171            android:foregroundServiceType="location" />
171-->[:geolocator_android] AndroidManifest.xml:12:13-53
172
173        <provider
173-->[:image_picker_android] AndroidManifest.xml:8:9-16:20
174            android:name="io.flutter.plugins.imagepicker.ImagePickerFileProvider"
174-->[:image_picker_android] AndroidManifest.xml:9:13-82
175            android:authorities="com.example.Tiwa_Oma.flutter.image_provider"
175-->[:image_picker_android] AndroidManifest.xml:10:13-74
176            android:exported="false"
176-->[:image_picker_android] AndroidManifest.xml:11:13-37
177            android:grantUriPermissions="true" >
177-->[:image_picker_android] AndroidManifest.xml:12:13-47
178            <meta-data
178-->[:image_picker_android] AndroidManifest.xml:13:13-15:75
179                android:name="android.support.FILE_PROVIDER_PATHS"
179-->[:image_picker_android] AndroidManifest.xml:14:17-67
180                android:resource="@xml/flutter_image_picker_file_paths" />
180-->[:image_picker_android] AndroidManifest.xml:15:17-72
181        </provider>
182
183        <service
183-->[:location] AndroidManifest.xml:11:9-15:56
184            android:name="com.lyokone.location.FlutterLocationService"
184-->[:location] AndroidManifest.xml:12:13-71
185            android:enabled="true"
185-->[:location] AndroidManifest.xml:13:13-35
186            android:exported="false"
186-->[:location] AndroidManifest.xml:14:13-37
187            android:foregroundServiceType="location" />
187-->[:location] AndroidManifest.xml:15:13-53
188
189        <receiver
189-->[com.google.firebase:firebase-messaging:23.3.1] AndroidManifest.xml:29:9-40:20
190            android:name="com.google.firebase.iid.FirebaseInstanceIdReceiver"
190-->[com.google.firebase:firebase-messaging:23.3.1] AndroidManifest.xml:30:13-78
191            android:exported="true"
191-->[com.google.firebase:firebase-messaging:23.3.1] AndroidManifest.xml:31:13-36
192            android:permission="com.google.android.c2dm.permission.SEND" >
192-->[com.google.firebase:firebase-messaging:23.3.1] AndroidManifest.xml:32:13-73
193            <intent-filter>
193-->[:firebase_messaging] AndroidManifest.xml:30:13-32:29
194                <action android:name="com.google.android.c2dm.intent.RECEIVE" />
194-->[:firebase_messaging] AndroidManifest.xml:31:17-81
194-->[:firebase_messaging] AndroidManifest.xml:31:25-78
195            </intent-filter>
196
197            <meta-data
197-->[com.google.firebase:firebase-messaging:23.3.1] AndroidManifest.xml:37:13-39:40
198                android:name="com.google.android.gms.cloudmessaging.FINISHED_AFTER_HANDLED"
198-->[com.google.firebase:firebase-messaging:23.3.1] AndroidManifest.xml:38:17-92
199                android:value="true" />
199-->[com.google.firebase:firebase-messaging:23.3.1] AndroidManifest.xml:39:17-37
200        </receiver>
201        <!--
202             FirebaseMessagingService performs security checks at runtime,
203             but set to not exported to explicitly avoid allowing another app to call it.
204        -->
205        <service
205-->[com.google.firebase:firebase-messaging:23.3.1] AndroidManifest.xml:46:9-53:19
206            android:name="com.google.firebase.messaging.FirebaseMessagingService"
206-->[com.google.firebase:firebase-messaging:23.3.1] AndroidManifest.xml:47:13-82
207            android:directBootAware="true"
207-->[com.google.firebase:firebase-messaging:23.3.1] AndroidManifest.xml:48:13-43
208            android:exported="false" >
208-->[com.google.firebase:firebase-messaging:23.3.1] AndroidManifest.xml:49:13-37
209            <intent-filter android:priority="-500" >
209-->[:firebase_messaging] AndroidManifest.xml:21:13-23:29
210                <action android:name="com.google.firebase.MESSAGING_EVENT" />
210-->[:firebase_messaging] AndroidManifest.xml:22:17-78
210-->[:firebase_messaging] AndroidManifest.xml:22:25-75
211            </intent-filter>
212        </service>
213
214        <property
214-->[com.google.android.gms:play-services-measurement-api:21.5.0] AndroidManifest.xml:30:9-32:61
215            android:name="android.adservices.AD_SERVICES_CONFIG"
215-->[com.google.android.gms:play-services-measurement-api:21.5.0] AndroidManifest.xml:31:13-65
216            android:resource="@xml/ga_ad_services_config" />
216-->[com.google.android.gms:play-services-measurement-api:21.5.0] AndroidManifest.xml:32:13-58
217
218        <receiver
218-->[com.google.android.gms:play-services-measurement:21.5.0] AndroidManifest.xml:29:9-33:20
219            android:name="com.google.android.gms.measurement.AppMeasurementReceiver"
219-->[com.google.android.gms:play-services-measurement:21.5.0] AndroidManifest.xml:30:13-85
220            android:enabled="true"
220-->[com.google.android.gms:play-services-measurement:21.5.0] AndroidManifest.xml:31:13-35
221            android:exported="false" >
221-->[com.google.android.gms:play-services-measurement:21.5.0] AndroidManifest.xml:32:13-37
222        </receiver>
223
224        <service
224-->[com.google.android.gms:play-services-measurement:21.5.0] AndroidManifest.xml:35:9-38:40
225            android:name="com.google.android.gms.measurement.AppMeasurementService"
225-->[com.google.android.gms:play-services-measurement:21.5.0] AndroidManifest.xml:36:13-84
226            android:enabled="true"
226-->[com.google.android.gms:play-services-measurement:21.5.0] AndroidManifest.xml:37:13-35
227            android:exported="false" />
227-->[com.google.android.gms:play-services-measurement:21.5.0] AndroidManifest.xml:38:13-37
228        <service
228-->[com.google.android.gms:play-services-measurement:21.5.0] AndroidManifest.xml:39:9-43:72
229            android:name="com.google.android.gms.measurement.AppMeasurementJobService"
229-->[com.google.android.gms:play-services-measurement:21.5.0] AndroidManifest.xml:40:13-87
230            android:enabled="true"
230-->[com.google.android.gms:play-services-measurement:21.5.0] AndroidManifest.xml:41:13-35
231            android:exported="false"
231-->[com.google.android.gms:play-services-measurement:21.5.0] AndroidManifest.xml:42:13-37
232            android:permission="android.permission.BIND_JOB_SERVICE" />
232-->[com.google.android.gms:play-services-measurement:21.5.0] AndroidManifest.xml:43:13-69
233
234        <uses-library
234-->[androidx.privacysandbox.ads:ads-adservices:1.0.0-beta05] AndroidManifest.xml:23:9-25:40
235            android:name="android.ext.adservices"
235-->[androidx.privacysandbox.ads:ads-adservices:1.0.0-beta05] AndroidManifest.xml:24:13-50
236            android:required="false" /> <!-- Needs to be explicitly declared on P+ -->
236-->[androidx.privacysandbox.ads:ads-adservices:1.0.0-beta05] AndroidManifest.xml:25:13-37
237        <uses-library
237-->[com.google.android.gms:play-services-maps:18.2.0] AndroidManifest.xml:39:9-41:40
238            android:name="org.apache.http.legacy"
238-->[com.google.android.gms:play-services-maps:18.2.0] AndroidManifest.xml:40:13-50
239            android:required="false" />
239-->[com.google.android.gms:play-services-maps:18.2.0] AndroidManifest.xml:41:13-37
240
241        <provider
241-->[com.google.firebase:firebase-common:20.4.2] AndroidManifest.xml:23:9-28:39
242            android:name="com.google.firebase.provider.FirebaseInitProvider"
242-->[com.google.firebase:firebase-common:20.4.2] AndroidManifest.xml:24:13-77
243            android:authorities="com.example.Tiwa_Oma.firebaseinitprovider"
243-->[com.google.firebase:firebase-common:20.4.2] AndroidManifest.xml:25:13-72
244            android:directBootAware="true"
244-->[com.google.firebase:firebase-common:20.4.2] AndroidManifest.xml:26:13-43
245            android:exported="false"
245-->[com.google.firebase:firebase-common:20.4.2] AndroidManifest.xml:27:13-37
246            android:initOrder="100" />
246-->[com.google.firebase:firebase-common:20.4.2] AndroidManifest.xml:28:13-36
247
248        <activity
248-->[com.google.android.gms:play-services-base:18.1.0] AndroidManifest.xml:20:9-22:45
249            android:name="com.google.android.gms.common.api.GoogleApiActivity"
249-->[com.google.android.gms:play-services-base:18.1.0] AndroidManifest.xml:20:19-85
250            android:exported="false"
250-->[com.google.android.gms:play-services-base:18.1.0] AndroidManifest.xml:22:19-43
251            android:theme="@android:style/Theme.Translucent.NoTitleBar" />
251-->[com.google.android.gms:play-services-base:18.1.0] AndroidManifest.xml:21:19-78
252
253        <meta-data
253-->[com.google.android.gms:play-services-basement:18.1.0] AndroidManifest.xml:21:9-23:69
254            android:name="com.google.android.gms.version"
254-->[com.google.android.gms:play-services-basement:18.1.0] AndroidManifest.xml:22:13-58
255            android:value="@integer/google_play_services_version" />
255-->[com.google.android.gms:play-services-basement:18.1.0] AndroidManifest.xml:23:13-66
256
257        <uses-library
257-->[androidx.window:window:1.0.0-beta04] AndroidManifest.xml:25:9-27:40
258            android:name="androidx.window.extensions"
258-->[androidx.window:window:1.0.0-beta04] AndroidManifest.xml:26:13-54
259            android:required="false" />
259-->[androidx.window:window:1.0.0-beta04] AndroidManifest.xml:27:13-37
260        <uses-library
260-->[androidx.window:window:1.0.0-beta04] AndroidManifest.xml:28:9-30:40
261            android:name="androidx.window.sidecar"
261-->[androidx.window:window:1.0.0-beta04] AndroidManifest.xml:29:13-51
262            android:required="false" />
262-->[androidx.window:window:1.0.0-beta04] AndroidManifest.xml:30:13-37
263
264        <service
264-->[com.google.android.datatransport:transport-backend-cct:3.1.8] AndroidManifest.xml:28:9-34:19
265            android:name="com.google.android.datatransport.runtime.backends.TransportBackendDiscovery"
265-->[com.google.android.datatransport:transport-backend-cct:3.1.8] AndroidManifest.xml:29:13-103
266            android:exported="false" >
266-->[com.google.android.datatransport:transport-backend-cct:3.1.8] AndroidManifest.xml:30:13-37
267            <meta-data
267-->[com.google.android.datatransport:transport-backend-cct:3.1.8] AndroidManifest.xml:31:13-33:39
268                android:name="backend:com.google.android.datatransport.cct.CctBackendFactory"
268-->[com.google.android.datatransport:transport-backend-cct:3.1.8] AndroidManifest.xml:32:17-94
269                android:value="cct" />
269-->[com.google.android.datatransport:transport-backend-cct:3.1.8] AndroidManifest.xml:33:17-36
270        </service>
271        <service
271-->[com.google.android.datatransport:transport-runtime:3.1.8] AndroidManifest.xml:26:9-30:19
272            android:name="com.google.android.datatransport.runtime.scheduling.jobscheduling.JobInfoSchedulerService"
272-->[com.google.android.datatransport:transport-runtime:3.1.8] AndroidManifest.xml:27:13-117
273            android:exported="false"
273-->[com.google.android.datatransport:transport-runtime:3.1.8] AndroidManifest.xml:28:13-37
274            android:permission="android.permission.BIND_JOB_SERVICE" >
274-->[com.google.android.datatransport:transport-runtime:3.1.8] AndroidManifest.xml:29:13-69
275        </service>
276
277        <receiver
277-->[com.google.android.datatransport:transport-runtime:3.1.8] AndroidManifest.xml:32:9-34:40
278            android:name="com.google.android.datatransport.runtime.scheduling.jobscheduling.AlarmManagerSchedulerBroadcastReceiver"
278-->[com.google.android.datatransport:transport-runtime:3.1.8] AndroidManifest.xml:33:13-132
279            android:exported="false" />
279-->[com.google.android.datatransport:transport-runtime:3.1.8] AndroidManifest.xml:34:13-37
280
281        <provider
281-->[androidx.profileinstaller:profileinstaller:1.3.0] AndroidManifest.xml:24:9-32:20
282            android:name="androidx.startup.InitializationProvider"
282-->[androidx.profileinstaller:profileinstaller:1.3.0] AndroidManifest.xml:25:13-67